INFO:     Will watch for changes in these directories: ['/Users/lcromley/dev/k8s-chat/backend']
INFO:     Uvicorn running on http://0.0.0.0:8000 (Press CTRL+C to quit)
INFO:     Started reloader process [80798] using WatchFiles
Process SpawnProcess-1:
Traceback (most recent call last):
  File "/Users/lcromley/Library/Python/3.12/lib/python/site-packages/pydantic_settings/sources.py", line 252, in __call__
    field_value = self.prepare_field_value(field_name, field, field_value, value_is_complex)
                  ^^^^^^^^^^^^^^^^^^^^^^^^^^^^^^^^^^^^^^^^^^^^^^^^^^^^^^^^^^^^^^^^^^^^^^^^^^
  File "/Users/lcromley/Library/Python/3.12/lib/python/site-packages/pydantic_settings/sources.py", line 435, in prepare_field_value
    raise e
  File "/Users/lcromley/Library/Python/3.12/lib/python/site-packages/pydantic_settings/sources.py", line 432, in prepare_field_value
    value = self.decode_complex_value(field_name, field, value)
            ^^^^^^^^^^^^^^^^^^^^^^^^^^^^^^^^^^^^^^^^^^^^^^^^^^^
  File "/Users/lcromley/Library/Python/3.12/lib/python/site-packages/pydantic_settings/sources.py", line 103, in decode_complex_value
    return json.loads(value)
           ^^^^^^^^^^^^^^^^^
  File "/Library/Frameworks/Python.framework/Versions/3.12/lib/python3.12/json/__init__.py", line 346, in loads
    return _default_decoder.decode(s)
           ^^^^^^^^^^^^^^^^^^^^^^^^^^
  File "/Library/Frameworks/Python.framework/Versions/3.12/lib/python3.12/json/decoder.py", line 337, in decode
    obj, end = self.raw_decode(s, idx=_w(s, 0).end())
               ^^^^^^^^^^^^^^^^^^^^^^^^^^^^^^^^^^^^^^
  File "/Library/Frameworks/Python.framework/Versions/3.12/lib/python3.12/json/decoder.py", line 355, in raw_decode
    raise JSONDecodeError("Expecting value", s, err.value) from None
json.decoder.JSONDecodeError: Expecting value: line 1 column 1 (char 0)

The above exception was the direct cause of the following exception:

Traceback (most recent call last):
  File "/Library/Frameworks/Python.framework/Versions/3.12/lib/python3.12/multiprocessing/process.py", line 314, in _bootstrap
    self.run()
  File "/Library/Frameworks/Python.framework/Versions/3.12/lib/python3.12/multiprocessing/process.py", line 108, in run
    self._target(*self._args, **self._kwargs)
  File "/Users/lcromley/Library/Python/3.12/lib/python/site-packages/uvicorn/_subprocess.py", line 76, in subprocess_started
    target(sockets=sockets)
  File "/Users/lcromley/Library/Python/3.12/lib/python/site-packages/uvicorn/server.py", line 61, in run
    return asyncio.run(self.serve(sockets=sockets))
           ^^^^^^^^^^^^^^^^^^^^^^^^^^^^^^^^^^^^^^^^
  File "/Library/Frameworks/Python.framework/Versions/3.12/lib/python3.12/asyncio/runners.py", line 194, in run
    return runner.run(main)
           ^^^^^^^^^^^^^^^^
  File "/Library/Frameworks/Python.framework/Versions/3.12/lib/python3.12/asyncio/runners.py", line 118, in run
    return self._loop.run_until_complete(task)
           ^^^^^^^^^^^^^^^^^^^^^^^^^^^^^^^^^^^
  File "uvloop/loop.pyx", line 1518, in uvloop.loop.Loop.run_until_complete
  File "/Users/lcromley/Library/Python/3.12/lib/python/site-packages/uvicorn/server.py", line 68, in serve
    config.load()
  File "/Users/lcromley/Library/Python/3.12/lib/python/site-packages/uvicorn/config.py", line 467, in load
    self.loaded_app = import_from_string(self.app)
                      ^^^^^^^^^^^^^^^^^^^^^^^^^^^^
  File "/Users/lcromley/Library/Python/3.12/lib/python/site-packages/uvicorn/importer.py", line 21, in import_from_string
    module = importlib.import_module(module_str)
             ^^^^^^^^^^^^^^^^^^^^^^^^^^^^^^^^^^^
  File "/Library/Frameworks/Python.framework/Versions/3.12/lib/python3.12/importlib/__init__.py", line 90, in import_module
    return _bootstrap._gcd_import(name[level:], package, level)
           ^^^^^^^^^^^^^^^^^^^^^^^^^^^^^^^^^^^^^^^^^^^^^^^^^^^^
  File "<frozen importlib._bootstrap>", line 1387, in _gcd_import
  File "<frozen importlib._bootstrap>", line 1360, in _find_and_load
  File "<frozen importlib._bootstrap>", line 1331, in _find_and_load_unlocked
  File "<frozen importlib._bootstrap>", line 935, in _load_unlocked
  File "<frozen importlib._bootstrap_external>", line 994, in exec_module
  File "<frozen importlib._bootstrap>", line 488, in _call_with_frames_removed
  File "/Users/lcromley/dev/k8s-chat/backend/app/main.py", line 7, in <module>
    from app.config.settings import settings
  File "/Users/lcromley/dev/k8s-chat/backend/app/config/settings.py", line 39, in <module>
    settings = Settings()
               ^^^^^^^^^^
  File "/Users/lcromley/Library/Python/3.12/lib/python/site-packages/pydantic_settings/main.py", line 72, in __init__
    **__pydantic_self__._settings_build_values(
      ^^^^^^^^^^^^^^^^^^^^^^^^^^^^^^^^^^^^^^^^^
  File "/Users/lcromley/Library/Python/3.12/lib/python/site-packages/pydantic_settings/main.py", line 160, in _settings_build_values
    return deep_update(*reversed([source() for source in sources]))
                                  ^^^^^^^^
  File "/Users/lcromley/Library/Python/3.12/lib/python/site-packages/pydantic_settings/sources.py", line 594, in __call__
    data: dict[str, Any] = super().__call__()
                           ^^^^^^^^^^^^^^^^^^
  File "/Users/lcromley/Library/Python/3.12/lib/python/site-packages/pydantic_settings/sources.py", line 254, in __call__
    raise SettingsError(
pydantic_settings.sources.SettingsError: error parsing value for field "cors_origins" from source "DotEnvSettingsSource"
WARNING:  WatchFiles detected changes in 'app/config/settings.py'. Reloading...
INFO:     Started server process [80886]
INFO:     Waiting for application startup.
{"error": "Failed client connect: Server connection error: tonic::transport::Error(Transport, hyper::Error(Connect, ConnectError(\"tcp connect error\", Os { code: 61, kind: ConnectionRefused, message: \"Connection refused\" })))", "event": "Failed to connect to Temporal server", "logger": "app.services.chat_service", "level": "error", "timestamp": "2025-11-22T06:37:26.449355Z"}
INFO:     Application startup complete.
WARNING:  WatchFiles detected changes in 'app/main.py'. Reloading...
INFO:     Shutting down
INFO:     Waiting for application shutdown.
INFO:     Application shutdown complete.
INFO:     Finished server process [80886]
INFO:     Started server process [80909]
INFO:     Waiting for application startup.
{"error": "Failed client connect: Server connection error: tonic::transport::Error(Transport, hyper::Error(Connect, ConnectError(\"tcp connect error\", Os { code: 61, kind: ConnectionRefused, message: \"Connection refused\" })))", "event": "Failed to connect to Temporal server", "logger": "app.services.chat_service", "level": "error", "timestamp": "2025-11-22T06:37:28.033271Z"}
INFO:     Application startup complete.
INFO:     Shutting down
INFO:     Waiting for application shutdown.
INFO:     Application shutdown complete.
INFO:     Finished server process [80909]
INFO:     Stopping reloader process [80798]
